-------------------------------------------------------------------------------
Test set: com.springBoot.TestFrame.TestFrameApplicationTests
-------------------------------------------------------------------------------
Tests run: 1, Failures: 0, Errors: 1, Skipped: 0, Time elapsed: 5.672 s <<< FAILURE! - in com.springBoot.TestFrame.TestFrameApplicationTests
contextLoads(com.springBoot.TestFrame.TestFrameApplicationTests)  Time elapsed: 0.009 s  <<< ERROR!
java.lang.IllegalStateException: Failed to load ApplicationContext
Caused by: org.springframework.beans.factory.BeanCreationException: Error creating bean with name 'dataSource' defined in class path resource [com/alibaba/druid/spring/boot/autoconfigure/DruidDataSourceAutoConfigure.class]: Bean instantiation via factory method failed; nested exception is org.springframework.beans.BeanInstantiationException: Failed to instantiate [javax.sql.DataSource]: Factory method 'dataSource' threw exception; nested exception is java.lang.NoClassDefFoundError: org/springframework/boot/bind/RelaxedDataBinder
Caused by: org.springframework.beans.BeanInstantiationException: Failed to instantiate [javax.sql.DataSource]: Factory method 'dataSource' threw exception; nested exception is java.lang.NoClassDefFoundError: org/springframework/boot/bind/RelaxedDataBinder
Caused by: java.lang.NoClassDefFoundError: org/springframework/boot/bind/RelaxedDataBinder
Caused by: java.lang.ClassNotFoundException: org.springframework.boot.bind.RelaxedDataBinder

